<?xml version="1.0" encoding="UTF-8"?>
<!-- Generated by org.testng.reporters.JUnitReportReporter -->
<testsuite hostname="DW-P10529" failures="0" tests="1" name="NewTest" time="58.889" errors="0" timestamp="2021-09-15T09:45:48 COT" skipped="0">
  <testcase classname="NewTest" name="DiligenciamientoInformacion" time="58.889"/>
  <system-out/>
</testsuite> <!-- NewTest -->
